frame1488,1
frame1652,1
frame1369,3
frame1092,1
frame115,12
frame1005,1
frame1872,2
frame1467,2
frame810,2
frame999,2
frame1377,2
frame1377,0
frame2353,1
frame321,1
frame1972,2
frame713,2
frame2247,3
frame910,1
frame153,2
frame1848,4
frame746,2
frame376,1
frame2218,1
frame836,4
frame889,2
frame548,1
frame2330,1
frame1466,3
frame1796,1
frame306,3
frame306,0
frame1117,5
frame782,1
frame626,1
frame626,0
frame626,0
frame2168,3
frame495,2
frame623,2
frame732,1
frame732,0
frame732,0
frame970,2
frame1410,1
frame965,2
frame1630,1
frame516,1
frame436,1
frame1959,1
frame405,1
frame2501,1
frame2501,0
frame1974,2
frame1863,1
frame893,11
frame2012,1
frame1229,3
frame728,2
frame1240,2
frame1021,2
frame1574,1
frame879,1
frame1217,2
frame1983,2
frame673,1
frame234,1
frame234,0
frame2189,1
frame740,1
frame677,2
frame2280,1
frame546,1
frame1261,1
frame2319,2
frame684,2
frame1263,1
frame912,1
frame1651,1
frame1111,3
frame1111,0
frame1481,2
frame1481,0
frame1481,0
frame2128,3
frame2128,0
frame2128,0
frame1381,2
frame1381,0
frame1997,1
frame1194,2
frame1360,2
frame536,2
frame1073,1
frame1073,0
frame1073,0
frame1073,0
frame959,3
frame2331,1
frame313,1
frame313,0
frame760,2
frame760,0
frame760,0
frame1581,2
frame255,10
frame56,1
frame2482,1
frame2334,2
frame229,1
frame681,1
frame827,1
frame506,1
frame2472,1
frame2472,0
frame862,2
frame1476,2
frame1550,2
frame47,2
frame1082,2
frame2450,1
frame1124,7
frame1397,1
frame528,2
frame528,0
frame250,1
frame2370,2
frame2178,1
frame2178,0
frame2165,1
frame2165,0
frame2344,1
frame1352,1
frame816,1
frame816,0
frame1006,1
frame1097,1
frame1482,2
frame1482,0
frame1223,4
frame134,1
frame1961,1
frame1961,0
frame2129,2
frame2211,1
frame192,1
frame460,2
frame1505,1
frame1963,1
frame1963,0
frame799,2
frame1157,7
frame2174,1
frame110,2
frame1198,1
frame1198,0
frame2368,2
frame86,2
frame953,2
frame81,1
frame689,2
frame919,2
frame267,1
frame1142,2
frame66,1
frame442,1
frame718,2
frame1387,1
frame1017,2
frame1017,0
frame1017,0
frame1017,0
frame87,3
frame2082,1
frame1304,1
frame323,1
frame323,0
frame323,0
frame2259,2
frame582,2
frame582,0
frame1146,1
frame2414,1
frame726,2
frame868,1
frame34,2
frame19,2
frame19,0
frame1016,2
frame2250,2
frame1014,2
frame431,2
frame431,0
frame1828,2
frame1364,3
frame1678,1
frame2455,2
frame1956,1
frame1375,3
frame2333,2
frame2171,2
frame396,2
frame2349,1
frame2349,0
frame139,2
frame1283,1
frame371,19
frame394,1
frame394,0
frame394,0
frame1584,2
frame1584,0
frame8,2
frame2386,1
frame1459,2
frame2200,1
frame895,2
frame97,1
frame742,2
frame1222,3
frame421,3
frame1250,2
frame345,2
frame643,2
frame158,2
frame158,0
frame158,0
frame1866,3
frame1866,0
frame711,2
frame6,1
frame303,2
frame725,2
frame884,11
frame1841,1
frame1958,1
frame165,2
frame165,0
frame2223,1
frame458,1
frame458,0
frame2220,1
frame1196,1
frame1620,1
frame1620,0
frame667,3
frame1556,1
frame149,2
frame1020,2
frame1066,1
frame979,1
frame979,0
frame2282,2
frame2372,2
frame271,1
frame271,0
frame271,0
frame843,2
frame631,2
frame1724,1
frame1152,1
frame1152,0
frame2362,2
frame2362,0
frame2362,0
frame360,2
frame686,1
frame1087,6
frame1202,2
frame1151,1
frame1151,0
frame309,6
frame373,22
frame1398,1
frame1086,1
frame2045,2
frame2045,0
frame2294,1
frame2404,1
frame2404,0
frame909,1
frame1059,2
frame705,2
frame2487,1
frame676,2
frame315,4
frame2260,4
frame355,2
frame888,1
frame863,1
frame809,1
frame1262,1
frame2002,1
frame2379,1
frame1067,2
frame1067,0
frame9,2
frame9,0
frame1806,1
frame1806,0
frame852,5
frame2468,1
frame148,2
frame237,1
frame1787,1
frame1787,0
frame980,2
frame1994,1
frame2248,6
frame210,2
frame210,0
frame1254,4
frame973,3
frame606,2
frame606,0
frame606,0
frame512,2
frame17,2
frame1871,4
frame1871,0
frame669,2
frame1205,2
frame1205,0
frame2432,3
frame2432,0
frame1408,2
frame1408,0
frame2179,1
frame762,3
frame2213,1
frame1307,1
frame1807,2
frame1807,0
frame2130,1
frame2130,0
frame2130,0
frame2130,0
frame147,9
frame147,0
frame2263,4
frame651,2
frame1107,4
frame1107,0
frame1134,1
frame290,1
frame108,1
frame2345,3
frame340,3
frame2387,1
frame2387,0
frame2387,0
frame2509,1
frame2509,0
frame1306,1
frame1575,1
frame1877,1
frame817,2
frame600,1
frame600,0
frame114,5
frame24,1
frame24,0
frame750,2
frame181,8
frame181,0
frame191,2
frame191,0
frame853,5
frame1428,1
frame176,5
frame211,2
frame1069,2
frame314,2
frame2443,1
frame1856,3
frame1622,2
frame1929,3
frame1243,1
frame1243,0
frame1243,0
frame256,6
frame256,0
frame399,1
frame2010,1
frame2010,0
frame1007,1
frame1439,1
frame1018,1
frame1114,2
frame2503,2
frame1879,2
frame1879,0
frame1232,3
frame1975,2
frame530,1
frame178,3
frame178,0
frame1042,1
frame1865,2
frame568,1
frame595,2
frame1919,4
frame454,2
frame487,1
frame614,2
frame2327,1
frame26,2
frame1850,5
frame49,2
frame2299,1
frame476,1
frame1530,1
frame1854,2
frame1218,1
frame1031,4
frame2470,1
frame2363,2
frame542,1
frame1178,9
frame1989,1
frame2506,3
frame202,1
frame63,2
frame575,2
frame75,2
frame75,0
frame1939,3
frame2011,1
frame913,2
frame1968,2
frame418,4
frame923,1
frame952,2
frame952,0
frame952,0
frame1449,1
frame1757,1
frame1757,0
frame499,3
frame499,0
frame1559,2
frame1396,1
frame1177,7
frame2262,3
frame14,2
frame2321,2
frame1259,1
frame318,4
frame177,4
frame1445,1
frame2473,1
frame387,1
frame2359,1
frame957,3
frame2507,2
frame172,2
frame1326,1
frame2467,1
frame101,2
frame1885,2
frame1885,0
frame1074,2
frame2277,5
frame2184,1
frame406,1
frame2214,2
frame1742,1
frame1742,0
frame829,2
frame1884,1
frame748,2
frame27,2
frame1625,2
frame1175,4
frame916,2
frame504,3
frame504,0
frame2300,2
frame48,2
frame48,0
frame1912,3
frame1912,0
frame289,1
frame214,2
frame1739,1
frame2131,1
frame1851,6
frame929,1
frame2312,2
frame2312,0
frame2312,0
frame2439,2
frame2439,0
frame2439,0
frame716,1
frame716,0
frame1849,4
frame277,1
frame791,1
frame1003,2
frame1003,0
frame2462,1
frame1721,1
frame1721,0
frame521,2
frame521,0
frame521,0
frame2078,1
frame2078,0
frame694,2
frame2222,1
frame1547,2
frame2141,1
frame2141,0
frame1654,1
frame146,10
frame1201,2
frame1201,0
frame1853,1
frame936,1
frame422,1
frame1366,2
frame216,2
frame216,0
frame216,0
frame1525,1
frame1525,0
frame1525,0
frame1525,0
frame2240,1
frame1764,1
frame1285,1
frame209,2
frame2089,1
frame2089,0
frame299,1
frame1101,1
frame830,3
frame793,2
frame1193,1
frame556,1
frame556,0
frame2269,1
frame2269,0
frame196,2
frame494,3
frame1632,1
frame1465,2
frame1047,2
frame721,1
frame981,2
frame2478,3
frame1593,1
frame338,3
frame2114,1
frame2037,1
frame1239,2
frame2366,2
frame753,1
frame2092,1
frame722,1
frame722,0
frame722,0
frame1447,1
frame350,3
frame1586,1
frame839,4
frame79,2
frame79,0
frame452,2
frame644,2
frame1207,1
frame1030,5
frame25,1
frame65,1
frame184,7
frame184,0
frame2097,1
frame2097,0
frame123,1
frame1954,1
frame770,3
frame854,1
frame424,2
frame189,5
frame28,1
frame554,1
frame1816,2
frame180,10
frame180,0
frame2411,1
frame30,2
frame754,2
frame1715,1
frame715,2
frame715,0
frame2278,4
frame1213,1
frame1213,0
frame2410,1
frame222,2
frame633,2
frame1513,1
frame1755,1
frame1755,0
frame520,1
frame525,2
frame1333,1
frame2039,2
frame46,2
frame46,0
frame1695,1
frame174,3
frame1792,1
frame1792,0
frame1792,0
frame415,1
frame415,0
frame498,2
frame1486,1
frame2502,3
frame402,1
frame2215,1
frame1631,3
frame1386,1
frame2261,4
frame573,2
frame2369,2
frame2204,1
frame2422,1
frame2422,0
frame1699,1
frame45,2
frame2106,2
frame274,2
frame834,2
frame1947,5
frame138,2
frame480,1
frame796,2
frame386,1
frame1401,1
frame1857,3
frame859,1
frame372,21
frame2059,2
frame939,1
frame1517,1
frame1095,2
frame1297,2
frame2285,2
frame1932,1
frame317,4
frame1756,1
frame785,2
frame1562,1
frame1541,1
frame1331,1
frame1492,1
frame1758,1
frame1880,2
frame2230,4
frame1836,2
frame1653,1
frame22,2
frame501,2
frame132,2
frame671,2
frame1902,3
frame710,2
frame2015,1
frame1079,1
frame2477,2
frame1399,1
frame1190,1
frame1122,4
frame1475,2
frame224,2
frame1029,3
frame1103,2
frame378,1
frame378,0
frame106,2
frame106,0
frame2464,1
frame2464,0
frame604,2
frame473,1
frame1636,2
frame804,1
frame451,2
frame1451,1
frame938,1
frame938,0
frame2169,3
frame2354,1
frame60,1
frame806,1
frame1987,1
frame428,3
frame984,2
frame2138,3
frame230,1
frame1950,17
frame1986,1
frame607,2
frame887,1
frame186,7
frame244,1
frame244,0
frame244,0
frame1838,3
frame613,2
frame613,0
frame1684,1
frame517,1
frame1970,2
frame794,1
frame215,2
frame1351,1
frame851,2
frame2080,1
frame16,1
frame789,1
frame523,2
frame167,3
frame1252,2
frame2237,1
frame272,1
frame1119,5
frame961,2
frame119,7
frame392,1
frame264,1
frame151,1
frame1078,1
frame2207,1
frame1829,2
frame537,2
frame537,0
frame537,0
frame675,2
frame899,1
frame377,1
frame377,0
frame956,1
frame1143,2
frame253,14
frame1027,1
frame2225,1
frame2064,1
frame2064,0
frame2382,1
frame435,2
frame1589,2
frame112,1
frame1225,4
frame461,1
frame1469,3
frame902,1
frame744,2
frame1825,1
frame2052,1
frame1464,1
frame1461,2
frame2310,1
frame2310,0
frame2409,1
frame426,2
frame914,1
frame206,1
frame206,0
frame206,0
frame1228,4
frame1228,0
frame1228,0
frame1542,1
frame842,2
frame1833,1
frame1166,2
frame1966,1
frame1553,2
frame1553,0
frame1553,0
frame284,2
frame263,1
frame1998,1
frame2288,3
frame1926,2
frame1590,1
frame324,23
frame1036,2
frame739,1
frame1102,2
frame1140,2
frame1140,0
frame2149,1
frame577,2
frame1978,2
frame752,2
frame316,5
frame316,0
frame856,2
frame856,0
frame1878,3
frame730,2
frame1329,1
frame239,2
frame822,1
frame822,0
frame654,4
frame654,0
frame42,1
frame776,2
frame1827,1
frame1827,0
frame1827,0
frame1058,2
frame381,1
frame1247,2
frame960,5
frame1132,1
frame670,1
frame950,2
frame950,0
frame950,0
frame448,2
frame1431,1
frame553,2
frame410,5
frame233,1
frame154,1
frame1627,1
frame2173,1
frame685,2
frame1136,1
frame1380,2
frame948,1
frame1165,2
frame2463,1
frame348,7
frame150,2
frame1462,2
frame2264,3
frame918,2
frame918,0
frame925,1
frame453,2
frame1255,6
frame116,8
frame116,0
frame240,2
frame1990,1
frame201,2
frame490,2
frame642,3
frame474,2
frame193,1
frame339,3
frame788,1
frame1578,2
frame1728,1
frame971,2
frame33,2
frame2107,1
frame1795,2
frame1035,4
frame1579,1
frame124,2
frame767,3
frame773,2
frame2281,5
frame1650,1
frame1650,0
frame668,2
frame2029,1
frame1889,1
frame1889,0
frame2364,2
frame1426,1
frame1731,1
frame1231,2
frame1231,0
frame1372,3
frame280,3
frame983,2
frame152,2
frame1943,2
frame1971,2
frame1971,0
frame2065,1
frame2065,0
frame1233,1
frame2073,1
frame2206,1
frame362,2
frame736,2
frame917,1
frame778,2
frame173,3
frame2233,3
frame1667,1
frame1438,1
frame723,1
frame62,2
frame743,1
frame2447,1
frame1221,1
frame1015,1
frame1931,1
frame266,1
frame1952,17
frame1890,1
frame1843,2
frame1864,2
frame592,1
frame1814,2
frame818,1
frame1363,2
frame1279,1
frame1209,1
frame655,3
frame1554,2
frame1554,0
frame719,2
frame1337,1
frame1337,0
frame1337,0
frame697,2
frame1572,1
frame1572,0
frame2135,1
frame811,2
frame1065,2
frame2474,1
frame2268,1
frame2268,0
frame2417,1
frame2417,0
frame383,1
frame1388,1
frame1185,1
frame1754,1
frame2276,3
frame621,2
frame1084,2
frame1374,3
frame1374,0
frame1133,1
frame1767,1
frame449,1
frame1733,1
frame571,2
frame866,1
frame1161,6
frame779,1
frame779,0
frame779,0
frame1368,3
frame698,2
frame698,0
frame2075,1
frame1845,2
frame1276,2
frame2340,1
frame2340,0
frame1608,2
frame1244,2
frame1244,0
frame986,1
frame342,3
frame342,0
frame1432,1
frame7,2
frame7,0
frame2497,1
frame84,2
frame2459,1
frame976,1
frame562,2
frame2483,2
frame535,3
frame535,0
frame1494,1
frame437,1
frame1034,2
frame616,1
frame714,1
frame492,2
frame2030,1
frame1040,1
frame1009,2
frame1873,2
frame2391,1
frame475,1
frame1471,3
frame1290,2
frame1993,1
frame1993,0
frame1256,5
frame1256,0
frame1192,1
frame1472,3
frame259,2
frame574,3
frame1460,1
frame2024,2
frame2031,1
frame439,2
frame1100,2
frame2348,2
frame2348,0
frame2388,1
frame729,2
frame1041,2
frame2271,1
frame2271,0
frame1707,1
frame605,1
frame74,1
frame432,1
frame432,0
frame200,2
frame200,0
frame2257,2
frame2257,0
frame901,2
frame901,0
frame901,0
frame15,1
frame603,2
frame890,2
frame650,3
frame2181,1
frame2425,6
frame223,2
frame1127,7
frame1127,0
frame455,1
frame131,1
frame131,0
frame611,2
frame1491,2
frame645,3
frame1671,4
frame243,2
frame975,1
frame800,1
frame2313,1
frame921,3
frame2315,1
frame1474,2
frame2148,1
frame423,1
frame2043,2
frame2043,0
frame300,1
frame1722,1
frame144,13
frame1981,3
frame1981,0
frame1981,0
frame1720,2
frame1052,2
frame1206,2
frame1159,8
frame2430,4
frame2430,0
frame2430,0
frame2246,3
frame1819,2
frame170,3
frame1640,1
frame1370,2
frame632,3
frame1004,1
frame1817,2
frame1817,0
frame993,1
frame564,1
frame1070,2
frame70,2
frame1805,2
frame1805,0
frame2423,1
frame1115,2
frame109,2
frame247,1
frame630,3
frame630,0
frame583,1
frame2196,2
frame1964,2
frame878,2
frame1270,1
frame2500,1
frame59,2
frame254,11
frame254,0
frame254,0
frame2440,1
frame2440,0
frame2440,0
frame1531,1
frame1281,1
frame1712,2
frame727,1
frame2454,2
frame693,2
frame693,0
frame693,0
frame665,3
frame1238,1
frame31,1
frame1356,1
frame1356,0
frame326,23
frame1485,2
frame169,2
frame1957,1
frame1063,1
frame920,2
frame699,2
frame1540,2
frame2180,1
frame1905,1
frame1093,1
frame1224,3
frame2145,1
frame2199,1
frame1718,2
frame545,1
frame545,0
frame1991,1
frame2283,1
frame1038,1
frame2380,1
frame2380,0
frame105,1
frame105,0
frame1457,1
frame1457,0
frame1906,1
frame2314,1
frame1227,5
frame969,1
frame883,1
frame519,2
frame1169,6
frame379,2
frame121,2
frame242,2
frame1916,2
frame1891,1
frame1150,2
frame1967,1
frame1024,2
frame709,2
frame1861,2
frame1861,0
frame801,1
frame801,0
frame1599,1
frame2293,1
frame2293,0
frame860,1
frame896,1
frame2177,1
frame482,1
frame674,1
frame1555,1
frame1328,1
frame848,2
frame1230,2
frame213,2
frame1597,1
frame1858,3
frame1709,1
frame1862,2
frame1049,2
frame1524,1
frame2499,1
frame2358,1
frame2322,2
frame2322,0
frame1189,1
frame1189,0
frame1068,1
frame846,3
frame1322,1
frame786,2
frame1022,1
frame1022,0
frame364,1
frame364,0
frame747,1
frame1734,1
frame1734,0
frame1734,0
frame634,2
frame2265,3
frame2343,1
frame2343,0
frame168,2
frame2194,1
frame865,1
frame1019,1
frame552,1
frame552,0
frame1129,1
frame1129,0
frame682,1
frame1680,2
frame1214,1
frame440,1
frame2251,1
frame567,2
frame1955,1
frame163,2
frame163,0
frame2027,3
frame1729,1
frame1187,1
frame208,2
frame208,0
frame400,1
frame735,2
frame241,1
frame2110,2
frame2393,1
frame2393,0
frame808,1
frame1056,1
frame89,2
frame88,3
frame1184,1
frame624,2
frame2384,1
frame594,1
frame566,2
frame566,0
frame974,1
frame1268,1
frame2329,1
frame2329,0
frame2329,0
frame1704,2
frame1704,0
frame2383,1
frame997,1
frame696,1
frame696,0
frame111,1
frame296,1
frame2046,3
frame1163,8
frame468,2
frame468,0
frame1543,1
frame2137,3
frame2137,0
frame2433,3
frame2408,1
frame1821,1
frame522,1
frame1025,2
frame83,3
frame958,6
frame1965,1
frame2438,1
frame526,2
frame2109,1
frame2109,0
frame1573,1
frame1358,2
frame1452,1
frame777,3
frame1197,1
frame2193,1
frame2193,0
frame2117,1
frame1938,4
frame1330,1
frame1301,1
frame1301,0
frame2295,3
frame2295,0
frame2295,0
frame77,2
frame212,2
frame472,1
frame640,1
frame2216,2
frame1479,1
frame2221,1
frame2197,1
frame1951,17
frame1951,0
frame798,1
frame609,2
frame881,1
frame2338,1
frame1415,1
frame1415,0
frame2390,1
frame2395,1
frame98,2
frame1355,2
frame1170,2
frame815,1
frame175,5
frame1414,1
frame966,1
frame1830,3
frame1982,13
frame358,1
frame503,2
frame1762,1
frame1039,1
frame840,4
frame1580,1
frame1580,0
frame2016,2
frame946,1
frame1779,1
frame1596,1
frame354,1
frame2231,4
frame2231,0
frame469,2
frame915,2
frame261,2
frame261,0
frame1624,3
frame341,2
frame341,0
frame341,0
frame994,1
frame994,0
frame507,2
frame2444,1
frame1200,1
frame540,1
frame540,0
frame540,0
frame1237,2
frame1798,1
frame1798,0
frame1289,1
frame790,1
frame780,1
frame610,2
frame795,2
frame795,0
frame2192,1
frame1423,1
frame885,15
frame133,2
frame478,1
frame297,1
frame1053,1
frame1053,0
frame2377,1
frame258,2
frame1273,1
frame2229,3
frame2229,0
frame1534,1
frame635,3
frame628,2
frame1085,1
frame2418,2
frame2418,0
frame2418,0
frame880,1
frame1023,2
frame1023,0
frame905,1
frame2296,1
frame2296,0
frame985,2
frame1496,1
frame1714,1
frame1714,0
frame656,3
frame1917,1
frame820,1
frame1473,2
frame347,3
frame877,1
frame911,2
frame911,0
frame2367,2
frame2255,2
frame1219,1
frame1655,1
frame593,1
frame1075,1
frame1946,2
frame1946,0
frame497,3
frame1037,1
frame1037,0
frame1564,2
frame1564,0
frame2378,1
frame1076,2
frame493,1
frame493,0
frame1999,1
frame352,1
frame2151,1
frame2058,4
frame76,3
frame76,0
frame1711,1
frame367,3
frame531,1
frame2346,3
frame2346,0
frame2346,0
frame2014,1
frame1334,1
frame137,2
frame127,2
frame127,0
frame1802,1
frame2126,1
frame1072,1
frame1072,0
frame1400,1
frame1940,1
frame1837,3
frame1837,0
frame1008,2
frame1008,0
frame1969,2
frame712,1
frame1088,8
frame390,1
frame185,8
frame1988,1
frame1988,0
frame1674,1
frame1674,0
frame1199,1
frame1537,1
frame1280,2
frame1062,1
frame1062,0
frame992,1
frame1545,2
frame768,3
frame2427,6
frame867,1
frame867,0
frame584,2
frame652,3
frame891,4
frame2112,1
frame995,2
frame995,0
frame1054,1
frame1234,1
frame962,2
frame307,1
frame783,2
frame690,2
frame589,2
frame2099,1
frame90,2
frame2309,1
frame1409,1
frame57,1
frame622,2
frame1443,1
frame145,9
frame145,0
frame145,0
frame2096,1
frame2096,0
frame2096,0
frame1350,2
frame1786,1
frame1318,1
frame1583,2
frame1876,1
frame1277,2
frame220,2
frame220,0
frame220,0
frame781,1
frame781,0
frame1489,1
frame413,4
frame413,0
frame413,0
frame68,2
frame68,0
frame470,1
frame847,2
frame357,1
frame1050,1
frame1050,0
frame1440,1
frame1582,1
frame393,1
frame310,3
frame1275,2
frame51,2
frame2147,1
frame457,2
frame1106,2
frame54,2
frame1156,6
frame2290,1
frame1123,8
frame1083,2
frame1960,2
frame411,4
frame2328,1
frame1844,1
frame488,1
frame1144,1
frame1272,5
frame32,2
frame1705,1
frame1705,0
frame231,1
frame661,3
frame701,2
frame2302,3
frame599,1
frame1416,1
frame113,1
frame636,3
frame2456,2
frame1236,1
frame2061,2
frame1253,2
frame2102,2
frame1176,6
frame766,3
frame1656,1
frame844,2
frame2420,1
frame1915,2
frame327,20
frame327,0
frame551,2
frame40,6
frame2232,3
frame1753,1
frame1761,1
frame1282,1
frame2374,1
frame941,1
frame1701,2
frame1605,2
frame197,2
frame802,1
frame741,1
frame1357,2
frame1737,1
frame869,1
frame2212,1
frame1688,1
frame533,2
frame92,1
frame1815,2
frame612,2
frame608,1
frame578,1
frame1001,2
frame1609,1
frame1188,2
frame207,1
frame1288,2
frame1800,1
frame1424,1
frame2461,1
frame122,2
frame1634,2
frame1602,1
frame1602,0
frame2001,1
frame509,1
frame2028,1
frame2476,1
frame1794,1
frame1794,0
frame1191,1
frame1191,0
frame1113,4
frame569,1
frame569,0
frame1962,1
frame2465,2
frame2465,0
frame2465,0
frame2465,0
frame438,1
frame462,2
frame462,0
frame2426,4
frame2431,2
frame2431,0
frame559,3
frame1818,1
frame337,3
frame337,0
frame625,2
frame625,0
frame833,3
frame2335,1
frame659,2
frame1736,1
frame1269,1
frame1269,0
frame2267,1
frame195,1
frame195,0
frame1920,3
frame1164,5
frame1096,2
frame467,2
frame1928,2
frame335,4
frame1549,2
frame1195,2
frame99,2
frame2079,1
frame143,10
frame2361,1
frame13,1
frame13,0
frame538,2
frame539,2
frame1359,2
frame2040,3
frame2040,0
frame2040,0
frame2273,1
frame141,2
frame1141,1
frame1418,1
frame161,1
frame161,0
frame2172,1
frame53,1
frame1772,1
frame1635,1
frame190,2
frame787,2
frame787,0
frame238,2
frame162,1
frame688,1
frame1353,2
frame731,2
frame1607,2
frame1153,1
frame1633,2
frame2086,2
frame2086,0
frame2086,0
frame459,2
frame908,2
frame908,0
frame784,1
frame658,3
frame658,0
frame2320,2
frame1822,2
frame1186,1
frame23,2
frame23,0
frame248,1
frame2272,1
frame2272,0
frame269,1
frame561,3
frame117,7
frame2057,4
frame1904,3
frame1121,5
frame2170,2
frame813,1
frame1145,1
frame2155,1
frame1897,1
frame1011,1
frame1011,0
frame1694,1
frame1108,2
frame1098,1
frame2381,1
frame2381,0
frame445,1
frame590,2
frame2385,1
frame2385,0
frame1619,1
frame563,2
frame771,2
frame52,2
frame1908,1
frame2124,1
frame2373,2
frame279,1
frame130,2
frame1979,3
frame1934,1
frame1934,0
frame1934,0
frame663,3
frame663,0
frame557,1
frame1832,2
frame429,3
frame260,4
frame260,0
frame2256,2
frame514,1
frame1571,1
frame2152,1
frame2152,0
frame2152,0
frame967,1
frame2332,1
frame524,1
frame892,7
frame1081,1
frame1719,2
frame1316,1
frame187,4
frame2484,2
frame120,2
frame120,0
frame2479,2
frame1167,1
frame1511,1
frame384,1
frame293,1
frame2449,1
frame2085,3
frame282,1
frame1797,1
frame922,1
frame1702,1
frame1973,1
frame312,1
frame430,3
frame135,2
frame857,1
frame1941,3
frame1941,0
frame772,2
frame543,3
frame1706,1
frame679,1
frame1793,1
frame1637,2
frame678,1
frame1606,2
frame2375,2
frame329,4
frame2125,1
frame2134,2
frame823,2
frame687,2
frame156,2
frame156,0
frame1568,1
frame465,2
frame465,0
frame1621,2
frame2424,3
frame708,2
frame1681,1
frame2203,2
frame1490,3
frame1882,2
frame1834,1
frame50,2
frame550,2
frame1139,2
frame128,2
frame2421,1
frame1064,2
frame1909,3
frame1478,2
frame2403,1
frame996,1
frame570,1
frame412,5
frame262,2
frame1548,1
frame2301,2
frame2104,1
frame2396,1
frame164,3
frame763,3
frame565,3
frame1626,1
frame620,1
frame618,1
frame1045,2
frame1614,1
frame989,2
frame982,2
frame368,3
frame745,1
frame1585,2
frame751,2
frame126,1
frame126,0
frame1362,2
frame949,2
frame831,4
frame1860,3
frame2466,1
frame2091,1
frame419,4
frame2116,1
frame558,1
frame273,1
frame2098,1
frame1162,9
frame532,1
frame205,2
frame680,1
frame1484,1
frame1484,0
frame637,3
frame2305,4
frame1563,1
frame1808,1
frame1147,1
frame2195,2
frame2195,0
frame2175,1
frame1784,1
frame447,1
frame591,1
frame591,0
frame706,1
frame2389,1
frame408,1
frame1565,2
frame1565,0
frame308,2
frame835,4
frame78,2
frame1336,1
frame1336,0
frame1992,1
frame505,2
frame464,2
frame1673,1
frame2158,1
frame1057,2
frame2,1
frame692,2
frame692,0
frame159,2
frame2412,1
frame2412,0
frame2235,1
frame142,12
frame204,1
frame803,2
frame1429,1
frame1429,0
frame1867,3
frame198,1
frame824,2
frame2451,1
frame1293,2
frame1158,7
frame1158,0
frame1158,0
frame1813,2
frame2021,1
frame1804,1
frame1804,0
frame1032,3
frame942,1
frame942,0
frame2341,1
frame2341,0
frame1361,2
frame1361,0
frame1670,2
frame2258,2
frame832,3
frame107,1
frame2351,1
frame1604,1
frame1441,1
frame764,3
frame2458,1
frame343,4
frame343,0
frame343,0
frame737,2
frame446,1
frame20,2
frame1311,1
frame703,2
frame703,0
frame2486,1
frame85,2
frame336,2
frame572,2
frame2475,1
frame2475,0
frame1883,2
frame1883,0
frame2289,2
frame155,2
frame1060,2
frame1245,2
frame491,2
frame1672,6
frame302,2
frame1026,2
frame2350,1
frame1665,1
frame1644,4
frame1644,0
frame1413,1
frame1413,0
frame1976,2
frame2035,1
frame496,2
frame496,0
frame576,2
frame576,0
frame576,0
frame1433,1
frame41,5
frame1080,1
frame1080,0
frame1456,1
frame1051,2
frame1051,0
frame1799,1
frame1799,0
frame1937,1
frame270,1
frame2105,1
frame617,1
frame2062,2
frame58,1
frame427,1
frame1411,1
frame1071,2
frame1071,0
frame1071,0
frame479,1
frame479,0
frame2133,2
frame2234,1
frame2495,1
frame2495,0
frame2306,5
frame792,2
frame2013,1
frame69,2
frame61,2
frame1710,1
frame897,2
frame281,1
frame1623,2
frame1551,1
frame1463,2
frame1463,0
frame1913,3
frame998,2
frame2392,1
frame2490,1
frame1948,4
frame2337,1
frame2118,1
frame2208,1
frame1546,2
frame1546,0
frame1241,2
frame662,3
frame1503,1
frame1603,1
frame1603,0
frame646,3
frame825,2
frame825,0
frame1558,2
frame2150,1
frame2150,0
frame1126,7
frame1126,0
frame1126,0
frame1046,1
frame1557,1
frame1984,2
frame1160,8
frame544,4
frame1260,2
frame104,2
frame265,1
frame356,2
frame2123,1
frame118,9
frame2336,1
frame328,3
frame581,3
frame100,2
frame1154,6
frame2163,1
frame2163,0
frame463,2
frame1820,1
frame664,2
frame906,1
frame2245,2
frame2245,0
frame2087,3
frame441,1
frame1271,1
frame1203,3
frame2274,1
frame749,2
frame502,2
frame2371,2
frame361,1
frame361,0
frame1810,2
frame1131,1
frame850,2
frame758,1
frame758,0
frame927,1
frame1914,4
frame1914,0
frame761,2
frame761,0
frame2356,1
frame2115,1
frame1089,6
frame1089,0
frame1942,2
frame37,2
frame37,0
frame1577,2
frame2244,1
frame1246,2
frame1246,0
frame1811,2
frame812,1
frame2504,2
frame951,1
frame951,0
frame951,0
frame951,0
frame951,0
frame1901,4
frame2416,1
frame828,2
frame103,2
frame2457,2
frame596,1
frame67,2
frame11,2
frame1395,1
frame44,1
frame136,2
frame136,0
frame136,0
frame963,2
frame1576,2
frame1859,3
frame1911,1
frame1911,0
frame1911,0
frame653,3
frame1323,1
frame647,3
frame660,3
frame807,2
frame157,2
frame518,2
frame2162,1
frame2445,1
frame797,1
frame797,0
frame2402,1
frame2318,1
frame1868,2
frame2136,2
frame2070,1
frame1373,2
frame1215,1
frame1242,2
frame724,1
frame695,2
frame2304,1
frame80,2
frame29,1
frame1354,2
frame1354,0
frame837,1
frame837,0
frame2508,1
frame1376,2
frame819,2
frame1320,1
frame826,1
frame826,0
frame1643,1
frame1643,0
frame1099,2
frame2437,2
frame2023,2
frame351,1
frame805,2
frame814,2
frame235,1
frame382,1
frame2429,3
frame2429,0
frame333,4
frame1686,1
frame1365,2
frame1033,5
frame672,1
frame2307,6
frame1886,1
frame1552,2
frame2182,1
frame2182,0
frame2182,0
frame1870,4
frame1470,3
frame2041,1
frame2041,0
frame1869,2
frame1668,1
frame755,2
frame2202,2
frame2202,0
frame2355,1
frame2355,0
frame1566,1
frame199,2
frame417,4
frame2103,2
frame2103,0
frame988,2
frame1826,2
frame588,2
frame2084,2
frame2226,2
frame2226,0
frame1125,7
frame1499,2
frame203,2
frame10,2
frame1155,6
frame691,1
frame500,1
frame627,2
frame579,3
frame1921,3
frame1921,0
frame93,1
frame1495,1
frame1495,0
frame2049,1
frame1105,1
frame1875,2
frame1945,2
frame160,1
frame1061,1
frame1544,2
frame904,1
frame2441,1
frame1591,1
frame1110,4
frame2071,1
frame420,4
frame1446,1
frame1778,1
frame1094,2
frame1292,2
frame638,3
frame1458,1
frame2186,1
frame2186,0
frame36,2
frame2279,4
frame2279,0
frame2279,0
frame2279,0
frame1723,1
frame1723,0
frame1235,2
frame1587,2
frame1587,0
frame2491,1
frame179,4
frame2077,1
frame2108,2
frame82,3
frame1669,1
frame1669,0
frame932,1
frame278,1
frame320,1
frame2481,2
frame513,2
frame513,0
frame2505,1
frame401,2
frame704,2
frame1299,1
frame1002,2
frame585,1
frame968,2
frame1477,2
frame471,2
frame602,3
frame232,1
frame717,1
frame1812,1
frame183,1
frame1918,4
frame534,2
frame534,0
frame39,5
frame508,3
frame1852,3
frame1112,1
frame1846,2
frame252,1
frame1091,2
frame1013,1
frame1013,0
frame221,1
frame129,2
frame987,1
frame1118,6
frame700,1
frame733,1
frame466,2
frame1172,2
frame1560,2
frame1529,1
frame38,5
frame615,1
frame1378,2
frame1378,0
frame1104,2
frame1910,1
frame1389,1
frame1389,0
frame2275,1
frame2201,2
frame738,2
frame21,2
frame12,2
frame1012,1
frame194,2
frame2227,3
frame1483,1
frame1483,0
frame1077,1
frame864,1
frame301,1
frame849,1
frame849,0
frame924,2
frame924,0
frame775,3
frame332,4
frame2205,2
frame344,2
frame283,1
frame188,7
frame1048,2
frame1561,2
frame1629,1
frame1785,1
frame757,1
frame125,2
frame2050,2
frame597,1
frame1588,2
frame1417,2
frame2401,1
frame2357,1
frame1174,1
frame1174,0
frame1442,1
frame1382,2
frame1835,2
frame2047,2
frame1371,2
frame1371,0
frame1980,4
frame330,5
frame1171,2
frame55,2
frame1000,2
frame64,2
frame1383,2
frame1776,1
frame1180,1
frame1180,0
frame1180,0
frame1319,1
frame1319,0
frame2044,1
frame1168,6
frame1216,2
frame838,4
frame2287,1
frame1367,2
frame2436,2
frame1659,2
frame1266,1
frame1266,0
frame1266,0
frame311,6
frame219,2
frame219,0
frame907,1
frame1657,1
frame398,2
frame639,3
frame349,5
frame349,0
frame2228,3
frame990,1
frame1468,2
frame1286,1
frame649,3
frame2303,1
frame2142,2
frame2469,1
frame2469,0
frame397,1
frame683,2
frame1512,1
frame2493,1
frame2342,2
frame2342,0
frame601,1
frame601,0
frame886,14
frame541,2
frame1907,2
frame1708,1
frame1855,4
frame1324,1
frame1324,0
frame861,3
frame774,3
frame1130,1
frame166,3
frame166,0
frame1480,2
frame2365,1
frame363,1
frame2347,3
frame1312,1
frame2025,1
frame720,1
frame845,2
frame845,0
frame845,0
frame346,2
frame2360,1
frame2017,2
frame2434,2
frame2434,0
frame2434,0
frame629,3
frame456,2
frame456,0
frame456,0
frame91,1
frame2308,2
frame1628,1
frame1628,0
frame1487,1
frame1487,0
frame876,1
frame2428,2
frame416,1
frame1725,1
frame1278,1
frame433,2
frame217,2
frame1925,1
frame1043,2
frame2140,1
frame1291,2
frame102,2
frame964,2
frame964,0
frame71,1
frame2376,2
frame2376,0
frame734,2
frame756,3
frame2060,3
frame1801,1
frame1801,0
frame707,1
frame707,0
frame641,2
frame1296,1
frame1771,1
frame1771,0
frame2419,1
frame1933,1
frame2088,2
frame2489,1
frame403,1
frame1765,1
frame1675,1
frame294,1
frame1809,2
frame434,1
frame2020,1
frame1220,1
frame1220,0
frame765,3
frame702,1
frame1436,1
frame375,1
frame331,4
frame331,0
frame1137,1
frame1137,0
frame2311,1
frame1881,4
frame1881,0
frame366,4
frame1444,1
frame1985,3
frame218,1
frame2198,1
frame1935,1
frame2238,2
frame560,2
frame1109,4
frame325,26
frame325,0
frame1379,1
frame527,2
frame666,3
frame2026,2
frame1887,4
frame1128,8
frame1149,2
frame305,1
frame305,0
frame648,1
frame2167,2
frame2239,2
frame407,1
frame407,0
frame409,6
frame759,2
frame759,0
frame1028,2
frame225,1
frame225,0
frame1116,2
frame1204,2
frame769,3
frame821,2
frame972,2
frame1226,4
frame1977,2
frame1173,2
frame1120,5
frame1682,1
frame140,2
frame171,2
frame954,1
frame1044,2
frame1044,0
frame1044,0
frame2224,1
frame1287,2
frame841,3
frame1274,1
frame1949,4
frame319,1
frame2435,3
frame1532,1
frame444,1
frame1179,8
frame2143,2
frame2480,2
frame2480,0
frame2113,1
frame657,3
frame1284,1
frame2400,1
frame2400,0
frame1404,1
frame1404,0
frame1847,4
frame1847,0
frame443,1
frame334,4
frame2249,4
