frame1488,1
frame1652,1
frame1369,2
frame1092,1
frame115,16
frame1005,1
frame1005,0
frame1005,0
frame1005,0
frame999,2
frame999,0
frame999,0
frame999,0
frame999,0
frame999,0
frame999,0
frame2247,1
frame2247,0
frame153,1
frame1848,1
frame1848,0
frame1848,0
frame2218,1
frame2218,0
frame2218,0
frame2218,0
frame2330,2
frame2330,0
frame2330,0
frame306,1
frame1894,1
frame1117,1
frame1117,0
frame1117,0
frame1117,0
frame1117,0
frame1117,0
frame495,1
frame623,1
frame623,0
frame623,0
frame623,0
frame970,1
frame970,0
frame965,1
frame965,0
frame516,1
frame516,0
frame516,0
frame516,0
frame516,0
frame516,0
frame516,0
frame1863,1
frame1863,0
frame1863,0
frame1229,1
frame1229,0
frame1240,1
frame1021,2
frame1021,0
frame1021,0
frame1217,1
frame1217,0
frame1217,0
frame1217,0
frame2083,1
frame2083,0
frame2083,0
frame2083,0
frame2083,0
frame2083,0
frame1261,1
frame1261,0
frame1261,0
frame1261,0
frame1261,0
frame1651,1
frame1651,0
frame1651,0
frame1651,0
frame1651,0
frame1651,0
frame2128,2
frame1595,1
frame1595,0
frame1595,0
frame1595,0
frame1595,0
frame1194,1
frame1360,1
frame1360,0
frame1073,1
frame1073,0
frame1073,0
frame1073,0
frame959,8
frame959,0
frame313,2
frame313,0
frame313,0
frame313,0
frame313,0
frame313,0
frame255,7
frame255,0
frame2482,1
frame2482,0
frame2482,0
frame2482,0
frame2482,0
frame2482,0
frame2482,0
frame2482,0
frame2482,0
frame1476,2
frame1550,1
frame1550,0
frame1082,2
frame1082,0
frame1124,1
frame1124,0
frame528,1
frame528,0
frame528,0
frame528,0
frame2178,2
frame2178,0
frame2178,0
frame2178,0
frame2178,0
frame1352,1
frame1352,0
frame1613,1
frame1006,1
frame1097,1
frame1482,2
frame1482,0
frame1223,4
frame1223,0
frame1223,0
frame991,1
frame2129,1
frame2129,0
frame192,1
frame192,0
frame192,0
frame1963,1
frame1963,0
frame1963,0
frame1157,4
frame1157,0
frame110,1
frame1198,1
frame1198,0
frame1198,0
frame86,1
frame953,3
frame953,0
frame953,0
frame953,0
frame953,0
frame953,0
frame66,1
frame442,1
frame442,0
frame1387,1
frame1017,1
frame1017,0
frame404,3
frame404,0
frame404,0
frame2082,1
frame1304,1
frame1304,0
frame1304,0
frame1700,1
frame2259,2
frame2259,0
frame2090,2
frame1146,1
frame1146,0
frame726,1
frame726,0
frame34,2
frame34,0
frame34,0
frame1016,1
frame1016,0
frame1014,1
frame431,4
frame1010,1
frame1828,1
frame1364,2
frame1678,1
frame1678,0
frame1678,0
frame1375,1
frame1375,0
frame1375,0
frame1375,0
frame1375,0
frame1375,0
frame1375,0
frame1283,1
frame371,5
frame394,1
frame394,0
frame394,0
frame1584,2
frame1584,0
frame1584,0
frame1584,0
frame1459,1
frame1459,0
frame895,1
frame895,0
frame742,1
frame1222,1
frame1222,0
frame1250,2
frame1250,0
frame1250,0
frame158,1
frame2514,1
frame295,4
frame1866,1
frame2253,1
frame2253,0
frame2253,0
frame303,1
frame303,0
frame303,0
frame303,0
frame303,0
frame303,0
frame303,0
frame303,0
frame458,1
frame458,0
frame458,0
frame1196,2
frame1196,0
frame1196,0
frame667,1
frame667,0
frame667,0
frame1020,2
frame1020,0
frame1020,0
frame1020,0
frame1020,0
frame2372,1
frame2372,0
frame1645,1
frame1645,0
frame1645,0
frame1645,0
frame1645,0
frame1152,1
frame1152,0
frame1152,0
frame1152,0
frame1152,0
frame360,1
frame360,0
frame1087,1
frame1202,2
frame1151,1
frame1151,0
frame309,3
frame373,9
frame373,0
frame1086,1
frame1086,0
frame1086,0
frame1086,0
frame1086,0
frame1086,0
frame1086,0
frame1059,2
frame1059,0
frame1059,0
frame1059,0
frame315,3
frame2260,2
frame355,3
frame888,1
frame863,1
frame863,0
frame863,0
frame863,0
frame863,0
frame863,0
frame870,1
frame870,0
frame870,0
frame870,0
frame870,0
frame852,2
frame852,0
frame852,0
frame852,0
frame852,0
frame852,0
frame852,0
frame852,0
frame852,0
frame210,1
frame210,0
frame1254,2
frame1254,0
frame606,1
frame606,0
frame2210,1
frame512,2
frame512,0
frame1871,1
frame1871,0
frame669,1
frame1205,1
frame1342,1
frame2432,1
frame2432,0
frame2432,0
frame2432,0
frame2432,0
frame2432,0
frame2213,1
frame1307,1
frame1807,1
frame1807,0
frame2130,1
frame2130,0
frame484,1
frame484,0
frame147,5
frame147,0
frame2263,3
frame651,1
frame1107,1
frame1107,0
frame1134,1
frame1134,0
frame1134,0
frame2345,2
frame340,1
frame340,0
frame340,0
frame340,0
frame340,0
frame955,3
frame1306,1
frame1575,1
frame1575,0
frame1575,0
frame1575,0
frame1575,0
frame114,23
frame114,0
frame114,0
frame114,0
frame181,21
frame181,0
frame191,1
frame191,0
frame853,3
frame853,0
frame176,1
frame211,1
frame211,0
frame211,0
frame211,0
frame1856,2
frame1856,0
frame1929,1
frame1243,1
frame2000,1
frame2000,0
frame256,2
frame256,0
frame256,0
frame256,0
frame256,0
frame1007,1
frame1007,0
frame1018,1
frame1114,2
frame2503,1
frame1879,2
frame1879,0
frame1232,2
frame1232,0
frame1232,0
frame178,1
frame178,0
frame1042,1
frame1865,1
frame568,1
frame568,0
frame1919,1
frame454,1
frame487,1
frame487,0
frame2327,1
frame26,1
frame1850,2
frame1850,0
frame1850,0
frame476,1
frame476,0
frame1854,3
frame1218,1
frame1031,1
frame1031,0
frame1031,0
frame1031,0
frame1178,1
frame1178,0
frame2506,1
frame202,1
frame202,0
frame575,1
frame575,0
frame575,0
frame575,0
frame575,0
frame913,1
frame1968,1
frame1968,0
frame1968,0
frame1968,0
frame1968,0
frame1968,0
frame1968,0
frame1968,0
frame450,1
frame450,0
frame450,0
frame450,0
frame1396,1
frame1177,1
frame2262,3
frame14,1
frame2321,2
frame1259,1
frame318,3
frame177,1
frame1445,1
frame1445,0
frame1445,0
frame1445,0
frame957,2
frame2507,1
frame2507,0
frame2507,0
frame2507,0
frame2507,0
frame2507,0
frame2507,0
frame1074,1
frame2277,2
frame2277,0
frame2277,0
frame2277,0
frame2277,0
frame2277,0
frame2277,0
frame2277,0
frame2277,0
frame27,1
frame1625,1
frame1175,1
frame916,2
frame916,0
frame916,0
frame2300,8
frame2300,0
frame2300,0
frame2300,0
frame2300,0
frame2300,0
frame214,1
frame214,0
frame214,0
frame1851,1
frame929,2
frame929,0
frame929,0
frame929,0
frame2439,1
frame2439,0
frame619,1
frame619,0
frame619,0
frame1849,1
frame277,1
frame277,0
frame1003,1
frame1003,0
frame2462,1
frame1721,1
frame1721,0
frame1721,0
frame1721,0
frame1721,0
frame1721,0
frame1721,0
frame1721,0
frame1721,0
frame1721,0
frame1721,0
frame1721,0
frame1654,3
frame146,5
frame1201,1
frame1201,0
frame1853,2
frame1853,0
frame1853,0
frame1366,2
frame216,1
frame216,0
frame216,0
frame216,0
frame1679,2
frame1679,0
frame1679,0
frame1679,0
frame1679,0
frame1285,1
frame209,1
frame209,0
frame209,0
frame209,0
frame1101,1
frame830,1
frame830,0
frame1193,1
frame1193,0
frame1193,0
frame1193,0
frame1193,0
frame196,1
frame494,1
frame494,0
frame494,0
frame1047,2
frame1047,0
frame1047,0
frame1047,0
frame1593,1
frame1593,0
frame1593,0
frame2037,1
frame1239,1
frame2366,1
frame2366,0
frame2366,0
frame2366,0
frame2366,0
frame2366,0
frame2366,0
frame350,10
frame350,0
frame350,0
frame350,0
frame350,0
frame452,1
frame452,0
frame452,0
frame1030,1
frame25,1
frame25,0
frame184,4
frame184,0
frame184,0
frame184,0
frame184,0
frame184,0
frame770,1
frame770,0
frame424,1
frame189,1
frame28,1
frame28,0
frame28,0
frame180,18
frame180,0
frame180,0
frame30,1
frame30,0
frame30,0
frame30,0
frame30,0
frame30,0
frame30,0
frame30,0
frame30,0
frame222,1
frame633,1
frame1513,1
frame1513,0
frame1513,0
frame1513,0
frame525,1
frame1333,1
frame1333,0
frame46,1
frame46,0
frame46,0
frame46,0
frame1792,1
frame1792,0
frame1792,0
frame1792,0
frame1792,0
frame498,1
frame1486,1
frame2502,1
frame2502,0
frame2502,0
frame1631,1
frame1386,1
frame2261,2
frame573,2
frame573,0
frame573,0
frame573,0
frame573,0
frame573,0
frame573,0
frame573,0
frame573,0
frame573,0
frame1947,1
frame1947,0
frame1947,0
frame796,1
frame796,0
frame796,0
frame1857,3
frame1857,0
frame372,9
frame372,0
frame372,0
frame372,0
frame1095,1
frame1297,1
frame1297,0
frame1932,1
frame317,3
frame317,0
frame317,0
frame317,0
frame317,0
frame1331,1
frame1492,1
frame1492,0
frame1880,1
frame1880,0
frame1880,0
frame1880,0
frame22,1
frame501,1
frame501,0
frame501,0
frame1902,1
frame1902,0
frame2015,1
frame1079,1
frame2477,1
frame1399,1
frame1190,1
frame1122,1
frame1475,1
frame1475,0
frame1029,1
frame1103,1
frame1103,0
frame1103,0
frame106,1
frame106,0
frame106,0
frame1717,1
frame604,1
frame604,0
frame1636,1
frame1636,0
frame451,1
frame451,0
frame451,0
frame451,0
frame451,0
frame451,0
frame451,0
frame806,1
frame1987,1
frame428,1
frame984,1
frame2138,2
frame2138,0
frame1950,3
frame1950,0
frame607,1
frame607,0
frame186,2
frame186,0
frame2270,1
frame2270,0
frame2270,0
frame2270,0
frame2270,0
frame2270,0
frame2270,0
frame1970,1
frame794,1
frame794,0
frame1351,1
frame851,1
frame851,0
frame16,1
frame16,0
frame16,0
frame167,2
frame167,0
frame167,0
frame167,0
frame1119,2
frame961,1
frame119,13
frame119,0
frame119,0
frame119,0
frame1078,1
frame1078,0
frame1078,0
frame537,1
frame2325,1
frame2325,0
frame2325,0
frame2325,0
frame377,1
frame377,0
frame956,2
frame956,0
frame253,7
frame1027,1
frame1027,0
frame1027,0
frame1027,0
frame1027,0
frame435,3
frame1589,2
frame1589,0
frame1225,2
frame1225,0
frame1469,1
frame1469,0
frame1469,0
frame1469,0
frame1469,0
frame1469,0
frame1469,0
frame1469,0
frame1469,0
frame2409,1
frame426,1
frame914,1
frame206,1
frame206,0
frame2236,1
frame1228,3
frame1228,0
frame1228,0
frame1228,0
frame1228,0
frame1228,0
frame1166,1
frame1166,0
frame1166,0
frame1166,0
frame1166,0
frame1166,0
frame1166,0
frame1166,0
frame2288,2
frame1926,2
frame1590,2
frame324,27
frame1036,1
frame1036,0
frame1102,1
frame1102,0
frame359,1
frame359,0
frame359,0
frame359,0
frame359,0
frame316,4
frame316,0
frame316,0
frame316,0
frame1878,1
frame1878,0
frame1878,0
frame1878,0
frame1878,0
frame1878,0
frame654,1
frame654,0
frame654,0
frame776,1
frame776,0
frame776,0
frame776,0
frame1058,1
frame1058,0
frame1247,1
frame960,5
frame1132,1
frame1132,0
frame950,1
frame587,1
frame369,1
frame448,1
frame448,0
frame448,0
frame410,1
frame233,1
frame233,0
frame233,0
frame233,0
frame233,0
frame1136,2
frame1136,0
frame1136,0
frame1165,2
frame1165,0
frame348,5
frame348,0
frame348,0
frame2264,3
frame2264,0
frame2111,1
frame2111,0
frame453,1
frame1255,1
frame116,8
frame116,0
frame116,0
frame116,0
frame201,1
frame201,0
frame642,1
frame474,1
frame193,1
frame193,0
frame193,0
frame193,0
frame193,0
frame193,0
frame33,1
frame33,0
frame1795,1
frame1035,1
frame1035,0
frame1035,0
frame767,2
frame773,1
frame773,0
frame773,0
frame1343,1
frame1343,0
frame1343,0
frame1343,0
frame1343,0
frame1343,0
frame1343,0
frame1343,0
frame1231,2
frame1231,0
frame1372,2
frame280,1
frame983,1
frame983,0
frame1943,1
frame1971,1
frame1971,0
frame1971,0
frame1971,0
frame1233,2
frame1233,0
frame1233,0
frame362,3
frame736,1
frame917,1
frame778,1
frame778,0
frame2233,2
frame2233,0
frame2233,0
frame2233,0
frame2233,0
frame743,1
frame743,0
frame1221,2
frame1015,2
frame1931,2
frame1931,0
frame1952,2
frame1952,0
frame1843,1
frame1864,1
frame592,1
frame1814,1
frame1814,0
frame1814,0
frame1814,0
frame1814,0
frame655,1
frame655,0
frame655,0
frame719,1
frame1337,1
frame1337,0
frame1337,0
frame1337,0
frame1337,0
frame1148,1
frame2135,1
frame2135,0
frame2135,0
frame2135,0
frame2135,0
frame2135,0
frame2135,0
frame586,2
frame586,0
frame586,0
frame1185,1
frame1185,0
frame1185,0
frame621,1
frame1084,1
frame1374,2
frame1374,0
frame1133,1
frame1133,0
frame449,1
frame449,0
frame571,1
frame571,0
frame1161,2
frame1161,0
frame1161,0
frame1161,0
frame1368,1
frame698,1
frame698,0
frame698,0
frame1845,1
frame1845,0
frame2340,1
frame2340,0
frame1608,1
frame1244,1
frame304,1
frame304,0
frame304,0
frame304,0
frame304,0
frame304,0
frame304,0
frame304,0
frame304,0
frame304,0
frame304,0
frame562,1
frame2483,1
frame2483,0
frame2483,0
frame2483,0
frame2483,0
frame1034,1
frame616,1
frame616,0
frame492,1
frame492,0
frame1040,1
frame1009,1
frame1873,1
frame1873,0
frame1873,0
frame1471,1
frame1471,0
frame1471,0
frame1471,0
frame1256,2
frame1256,0
frame1192,1
frame1472,1
frame259,2
frame574,1
frame574,0
frame574,0
frame574,0
frame439,1
frame1100,1
frame2348,3
frame1600,1
frame1600,0
frame1600,0
frame1041,1
frame1041,0
frame1041,0
frame1041,0
frame605,1
frame605,0
frame432,3
frame432,0
frame200,1
frame200,0
frame2257,2
frame2048,1
frame2048,0
frame2048,0
frame2048,0
frame15,1
frame603,1
frame890,4
frame650,1
frame650,0
frame2425,6
frame2425,0
frame1127,2
frame1777,1
frame455,1
frame455,0
frame455,0
frame455,0
frame1491,1
frame1491,0
frame1671,2
frame243,1
frame243,0
frame243,0
frame2313,1
frame921,2
frame921,0
frame921,0
frame2148,1
frame2148,0
frame2148,0
frame2148,0
frame2148,0
frame2148,0
frame144,4
frame144,0
frame144,0
frame144,0
frame1720,1
frame1052,4
frame1206,1
frame1159,2
frame2430,2
frame2430,0
frame2430,0
frame2246,1
frame2246,0
frame2246,0
frame1640,1
frame1370,2
frame1370,0
frame1004,2
frame1004,0
frame1004,0
frame993,1
frame993,0
frame993,0
frame993,0
frame993,0
frame993,0
frame2423,4
frame1115,3
frame1115,0
frame247,1
frame247,0
frame247,0
frame583,2
frame583,0
frame1964,1
frame1964,0
frame1270,1
frame1270,0
frame1270,0
frame254,8
frame254,0
frame2241,1
frame2440,1
frame1340,1
frame1340,0
frame1340,0
frame1340,0
frame1340,0
frame1340,0
frame1340,0
frame1340,0
frame872,1
frame872,0
frame872,0
frame1238,1
frame31,1
frame31,0
frame31,0
frame326,22
frame1485,2
frame1485,0
frame1485,0
frame1485,0
frame1485,0
frame1485,0
frame1540,1
frame1540,0
frame1540,0
frame1093,2
frame1224,3
frame1224,0
frame1224,0
frame1718,1
frame1718,0
frame510,1
frame510,0
frame2283,1
frame1038,2
frame1038,0
frame1038,0
frame1038,0
frame1038,0
frame1457,1
frame1457,0
frame1457,0
frame1457,0
frame1227,2
frame969,2
frame883,1
frame883,0
frame1169,1
frame1169,0
frame1169,0
frame1169,0
frame1916,2
frame1916,0
frame1150,2
frame1150,0
frame1024,1
frame1024,0
frame1861,1
frame1861,0
frame1861,0
frame1861,0
frame1599,1
frame1599,0
frame1599,0
frame1599,0
frame896,1
frame896,0
frame482,1
frame482,0
frame482,0
frame482,0
frame848,1
frame1230,1
frame213,1
frame213,0
frame1858,1
frame1858,0
frame1858,0
frame1049,1
frame1049,0
frame1049,0
frame1049,0
frame1049,0
frame1049,0
frame1189,1
frame1189,0
frame1189,0
frame1189,0
frame1189,0
frame786,1
frame1022,1
frame1022,0
frame1022,0
frame1022,0
frame1022,0
frame1734,1
frame1734,0
frame1734,0
frame1734,0
frame2265,1
frame2265,0
frame2265,0
frame2265,0
frame2265,0
frame2265,0
frame1019,1
frame1019,0
frame1019,0
frame1019,0
frame1019,0
frame1019,0
frame1680,1
frame1680,0
frame440,2
frame2251,1
frame2251,0
frame2251,0
frame163,4
frame1135,2
frame1135,0
frame1135,0
frame1187,1
frame208,1
frame208,0
frame208,0
frame735,1
frame735,0
frame2110,2
frame2110,0
frame2110,0
frame2110,0
frame2110,0
frame2110,0
frame2110,0
frame1184,1
frame624,1
frame624,0
frame624,0
frame624,0
frame624,0
frame624,0
frame624,0
frame624,0
frame624,0
frame624,0
frame624,0
frame624,0
frame624,0
frame624,0
frame624,0
frame624,0
frame624,0
frame296,5
frame2046,2
frame1163,1
frame468,1
frame468,0
frame468,0
frame2137,2
frame73,1
frame2433,1
frame2433,0
frame2433,0
frame522,1
frame522,0
frame83,1
frame958,2
frame958,0
frame2438,1
frame2438,0
frame2109,1
frame2109,0
frame2109,0
frame2109,0
frame2109,0
frame777,2
frame1197,1
frame1197,0
frame1197,0
frame2117,1
frame2117,0
frame1330,1
frame1330,0
frame1330,0
frame1330,0
frame1641,2
frame1641,0
frame1641,0
frame212,1
frame212,0
frame212,0
frame212,0
frame212,0
frame212,0
frame2197,1
frame1951,1
frame1951,0
frame1951,0
frame609,1
frame881,1
frame881,0
frame881,0
frame881,0
frame881,0
frame881,0
frame98,1
frame98,0
frame1170,1
frame815,1
frame175,1
frame175,0
frame966,1
frame1830,2
frame1982,1
frame358,1
frame503,1
frame503,0
frame1039,1
frame1039,0
frame1039,0
frame1039,0
frame2016,1
frame2016,0
frame2016,0
frame2016,0
frame354,2
frame2231,2
frame1944,1
frame469,1
frame915,1
frame915,0
frame915,0
frame1624,1
frame1624,0
frame1624,0
frame1624,0
frame994,1
frame994,0
frame507,1
frame507,0
frame1200,1
frame1200,0
frame1200,0
frame1200,0
frame1237,1
frame1237,0
frame1237,0
frame1237,0
frame1237,0
frame1237,0
frame1237,0
frame1237,0
frame1237,0
frame1237,0
frame1237,0
frame1237,0
frame1237,0
frame1237,0
frame297,7
frame297,0
frame1308,1
frame1308,0
frame258,1
frame258,0
frame2229,2
frame2229,0
frame2229,0
frame635,1
frame635,0
frame1085,1
frame1085,0
frame1085,0
frame1085,0
frame1085,0
frame1023,2
frame1023,0
frame1023,0
frame1023,0
frame1703,1
frame985,1
frame985,0
frame1714,1
frame1714,0
frame656,1
frame656,0
frame820,1
frame1473,1
frame1473,0
frame1473,0
frame1473,0
frame1473,0
frame2367,1
frame2367,0
frame1219,2
frame1219,0
frame593,1
frame1075,2
frame1946,2
frame1946,0
frame497,1
frame1037,1
frame928,1
frame928,0
frame928,0
frame928,0
frame1076,1
frame493,1
frame493,0
frame493,0
frame352,2
frame352,0
frame352,0
frame76,1
frame76,0
frame76,0
frame76,0
frame76,0
frame2346,1
frame2346,0
frame2346,0
frame2346,0
frame2346,0
frame2346,0
frame127,1
frame127,0
frame127,0
frame127,0
frame1072,1
frame1072,0
frame1072,0
frame1072,0
frame1837,1
frame1837,0
frame1008,1
frame1008,0
frame1008,0
frame712,1
frame1088,2
frame1088,0
frame185,2
frame185,0
frame185,0
frame185,0
frame185,0
frame1199,1
frame1537,1
frame1280,1
frame1280,0
frame1280,0
frame992,1
frame992,0
frame768,2
frame2427,2
frame2427,0
frame2427,0
frame584,5
frame652,1
frame891,1
frame2112,1
frame995,1
frame1539,1
frame1054,1
frame1234,4
frame962,1
frame307,1
frame307,0
frame307,0
frame589,1
frame589,0
frame589,0
frame589,0
frame589,0
frame589,0
frame589,0
frame589,0
frame145,9
frame425,1
frame1936,2
frame1936,0
frame1660,1
frame1660,0
frame1660,0
frame1660,0
frame1660,0
frame1583,2
frame1583,0
frame1583,0
frame220,2
frame220,0
frame220,0
frame220,0
frame220,0
frame1489,1
frame413,1
frame413,0
frame413,0
frame68,1
frame68,0
frame470,1
frame470,0
frame357,1
frame1050,2
frame1050,0
frame1050,0
frame1582,1
frame393,1
frame310,2
frame310,0
frame310,0
frame310,0
frame457,2
frame1106,1
frame54,1
frame1156,3
frame1156,0
frame1123,1
frame1083,2
frame1083,0
frame411,1
frame411,0
frame411,0
frame411,0
frame411,0
frame1272,4
frame32,1
frame1705,1
frame1705,0
frame1705,0
frame661,2
frame701,1
frame2302,3
frame2302,0
frame2302,0
frame2302,0
frame2302,0
frame2302,0
frame1236,1
frame1236,0
frame1236,0
frame1236,0
frame1176,1
frame766,1
frame766,0
frame766,0
frame766,0
frame766,0
frame327,20
frame327,0
frame551,1
frame40,3
frame2232,2
frame1753,1
frame1753,0
frame1282,1
frame1282,0
frame1282,0
frame1282,0
frame1605,1
frame197,1
frame197,0
frame197,0
frame1357,1
frame1737,1
frame1737,0
frame2212,1
frame2212,0
frame533,1
frame92,1
frame92,0
frame612,1
frame612,0
frame612,0
frame1001,2
frame1001,0
frame1188,1
frame207,1
frame207,0
frame207,0
frame207,0
frame207,0
frame122,1
frame1634,1
frame1634,0
frame1634,0
frame1634,0
frame1634,0
frame1634,0
frame1634,0
frame1634,0
frame1634,0
frame1191,1
frame1191,0
frame1113,3
frame1113,0
frame1113,0
frame1113,0
frame1113,0
frame1113,0
frame1113,0
frame1113,0
frame438,1
frame462,2
frame462,0
frame2426,1
frame2431,1
frame2431,0
frame559,1
frame559,0
frame559,0
frame559,0
frame559,0
frame873,4
frame873,0
frame873,0
frame873,0
frame873,0
frame873,0
frame873,0
frame873,0
frame195,1
frame195,0
frame1920,1
frame1164,2
frame1096,1
frame467,1
frame467,0
frame467,0
frame1549,1
frame1195,1
frame1195,0
frame1195,0
frame143,2
frame143,0
frame143,0
frame143,0
frame143,0
frame143,0
frame143,0
frame143,0
frame143,0
frame143,0
frame2273,1
frame2273,0
frame2273,0
frame2273,0
frame161,2
frame161,0
frame161,0
frame161,0
frame161,0
frame161,0
frame161,0
frame161,0
frame161,0
frame161,0
frame162,2
frame162,0
frame162,0
frame162,0
frame1607,1
frame1153,1
frame1153,0
frame2086,1
frame2086,0
frame2086,0
frame459,1
frame459,0
frame882,1
frame882,0
frame658,1
frame658,0
frame2320,1
frame2320,0
frame1186,1
frame23,1
frame23,0
frame248,1
frame248,0
frame248,0
frame269,1
frame269,0
frame117,13
frame117,0
frame117,0
frame1121,2
frame1121,0
frame1121,0
frame1145,1
frame2155,1
frame2155,0
frame1011,2
frame1011,0
frame1011,0
frame1108,1
frame1098,1
frame1098,0
frame1098,0
frame445,1
frame590,2
frame590,0
frame590,0
frame590,0
frame590,0
frame771,1
frame771,0
frame1908,1
frame1908,0
frame2373,1
frame2373,0
frame130,1
frame1979,1
frame1934,2
frame1934,0
frame2042,1
frame2042,0
frame2042,0
frame2042,0
frame1832,1
frame429,1
frame429,0
frame429,0
frame2256,1
frame2256,0
frame2256,0
frame2256,0
frame2256,0
frame2256,0
frame967,1
frame967,0
frame967,0
frame967,0
frame1081,1
frame1719,1
frame1719,0
frame187,6
frame2484,1
frame2484,0
frame2484,0
frame2479,1
frame1167,1
frame1167,0
frame1167,0
frame1167,0
frame1167,0
frame2085,2
frame2085,0
frame2085,0
frame922,3
frame1702,1
frame1702,0
frame312,1
frame430,1
frame430,0
frame430,0
frame430,0
frame430,0
frame772,1
frame543,1
frame1706,1
frame679,1
frame1793,1
frame1793,0
frame1793,0
frame1606,1
frame2375,2
frame2375,0
frame2375,0
frame2375,0
frame2375,0
frame2375,0
frame156,2
frame1394,1
frame1394,0
frame465,1
frame465,0
frame1621,1
frame2424,3
frame2424,0
frame2424,0
frame2424,0
frame1490,2
frame1882,2
frame1882,0
frame1882,0
frame550,1
frame550,0
frame550,0
frame550,0
frame1064,1
frame1909,1
frame1909,0
frame1909,0
frame996,1
frame996,0
frame412,1
frame412,0
frame1548,1
frame2301,5
frame2301,0
frame2301,0
frame164,5
frame763,1
frame565,1
frame565,0
frame565,0
frame618,2
frame1045,1
frame1614,1
frame989,1
frame989,0
frame989,0
frame745,1
frame745,0
frame745,0
frame126,1
frame126,0
frame126,0
frame949,4
frame831,1
frame1860,1
frame1860,0
frame1860,0
frame1860,0
frame1860,0
frame1860,0
frame1860,0
frame1860,0
frame1162,1
frame1162,0
frame205,1
frame205,0
frame1484,1
frame1484,0
frame637,1
frame2305,4
frame2305,0
frame2305,0
frame1147,1
frame1147,0
frame1248,2
frame1248,0
frame1784,1
frame447,1
frame591,1
frame591,0
frame591,0
frame591,0
frame591,0
frame591,0
frame591,0
frame591,0
frame591,0
frame591,0
frame591,0
frame591,0
frame591,0
frame591,0
frame591,0
frame1673,1
frame1673,0
frame1057,1
frame1057,0
frame1057,0
frame1057,0
frame1057,0
frame1057,0
frame1057,0
frame1057,0
frame142,5
frame204,1
frame204,0
frame204,0
frame204,0
frame1867,2
frame198,1
frame824,1
frame2451,1
frame1293,1
frame1158,3
frame1158,0
frame1158,0
frame1813,1
frame1813,0
frame1813,0
frame1813,0
frame1032,1
frame1032,0
frame1032,0
frame1032,0
frame2471,1
frame1361,1
frame1361,0
frame1670,3
frame2258,1
frame832,1
frame832,0
frame832,0
frame1604,1
frame1441,1
frame764,1
frame764,0
frame764,0
frame764,0
frame764,0
frame737,1
frame446,1
frame20,1
frame20,0
frame20,0
frame20,0
frame20,0
frame85,1
frame85,0
frame572,1
frame572,0
frame1305,1
frame1305,0
frame1305,0
frame2289,3
frame2289,0
frame1060,1
frame1245,1
frame1245,0
frame1672,3
frame1672,0
frame1026,2
frame2350,1
frame2350,0
frame1644,4
frame1644,0
frame1644,0
frame1644,0
frame1644,0
frame1644,0
frame496,2
frame496,0
frame576,1
frame576,0
frame1617,1
frame1617,0
frame41,3
frame1080,1
frame1080,0
frame1456,1
frame1051,2
frame1840,1
frame1799,1
frame1799,0
frame1799,0
frame1799,0
frame2105,1
frame617,1
frame617,0
frame617,0
frame427,2
frame427,0
frame1071,1
frame1071,0
frame1071,0
frame1071,0
frame1071,0
frame1071,0
frame1071,0
frame1071,0
frame1071,0
frame2306,2
frame2306,0
frame2306,0
frame2306,0
frame61,1
frame61,0
frame897,1
frame281,1
frame1623,1
frame1623,0
frame1623,0
frame1623,0
frame1913,1
frame998,3
frame998,0
frame2490,1
frame1948,1
frame1948,0
frame1948,0
frame1948,0
frame1546,1
frame1546,0
frame1241,1
frame662,1
frame662,0
frame1603,1
frame1603,0
frame646,1
frame825,1
frame825,0
frame825,0
frame825,0
frame511,1
frame1126,1
frame1126,0
frame72,1
frame1046,2
frame1557,1
frame1984,1
frame1160,2
frame1160,0
frame1260,1
frame104,1
frame104,0
frame356,7
frame356,0
frame118,10
frame118,0
frame118,0
frame118,0
frame118,0
frame1154,1
frame2163,1
frame2163,0
frame463,2
frame463,0
frame664,1
frame664,0
frame2245,2
frame2245,0
frame2087,1
frame441,1
frame441,0
frame1203,1
frame1203,0
frame1203,0
frame1203,0
frame1203,0
frame361,1
frame361,0
frame361,0
frame361,0
frame361,0
frame361,0
frame361,0
frame927,2
frame1914,1
frame1914,0
frame1914,0
frame1914,0
frame2356,1
frame2356,0
frame1089,1
frame1089,0
frame1942,1
frame37,1
frame37,0
frame1577,1
frame2244,1
frame1246,1
frame18,1
frame18,0
frame18,0
frame2504,1
frame2504,0
frame2504,0
frame2504,0
frame2504,0
frame2055,1
frame2055,0
frame2055,0
frame2055,0
frame2055,0
frame2055,0
frame2055,0
frame67,1
frame67,0
frame1395,1
frame1395,0
frame1395,0
frame1395,0
frame1395,0
frame1395,0
frame1395,0
frame1859,2
frame1859,0
frame1859,0
frame1859,0
frame1859,0
frame1859,0
frame1859,0
frame660,1
frame660,0
frame157,1
frame157,0
frame157,0
frame157,0
frame157,0
frame157,0
frame157,0
frame157,0
frame1868,2
frame1868,0
frame1868,0
frame1373,2
frame1373,0
frame1242,1
frame1242,0
frame1242,0
frame2304,2
frame2304,0
frame29,1
frame29,0
frame29,0
frame29,0
frame2069,2
frame2508,1
frame1376,2
frame819,1
frame819,0
frame819,0
frame819,0
frame819,0
frame819,0
frame1099,1
frame2437,2
frame2437,0
frame351,2
frame351,0
frame351,0
frame235,1
frame235,0
frame2429,2
frame2429,0
frame333,1
frame333,0
frame1365,2
frame1033,3
frame672,1
frame2307,2
frame2307,0
frame2307,0
frame2307,0
frame2307,0
frame2307,0
frame1870,1
frame1470,1
frame1470,0
frame1470,0
frame1869,1
frame1869,0
frame1869,0
frame1869,0
frame2188,1
frame2188,0
frame2188,0
frame2188,0
frame199,1
frame199,0
frame199,0
frame1995,1
frame988,2
frame1826,1
frame1826,0
frame2084,2
frame2226,1
frame2226,0
frame1125,2
frame1125,0
frame203,1
frame203,0
frame1155,1
frame1155,0
frame1155,0
frame1155,0
frame1155,0
frame1921,1
frame1921,0
frame1921,0
frame1921,0
frame1921,0
frame2049,1
frame1105,1
frame1105,0
frame1945,1
frame160,3
frame1061,1
frame1061,0
frame904,1
frame2441,1
frame2441,0
frame1110,2
frame1110,0
frame1110,0
frame1110,0
frame1778,2
frame1094,1
frame1094,0
frame638,2
frame1458,1
frame2186,1
frame874,1
frame36,1
frame2279,1
frame2279,0
frame2279,0
frame2279,0
frame2279,0
frame2279,0
frame1235,2
frame1587,1
frame1587,0
frame1587,0
frame179,1
frame179,0
frame179,0
frame179,0
frame1669,1
frame1669,0
frame1669,0
frame1669,0
frame1669,0
frame2481,2
frame2481,0
frame2481,0
frame2481,0
frame401,1
frame401,0
frame401,0
frame1002,1
frame585,2
frame968,1
frame968,0
frame471,1
frame471,0
frame471,0
frame471,0
frame1812,1
frame1812,0
frame1918,1
frame1918,0
frame1918,0
frame39,2
frame508,1
frame1852,2
frame1112,1
frame1112,0
frame1112,0
frame1091,2
frame1013,1
frame2161,1
frame221,1
frame129,2
frame987,1
frame1118,1
frame1118,0
frame1118,0
frame466,1
frame1172,1
frame1560,1
frame1560,0
frame38,3
frame38,0
frame1378,1
frame1896,1
frame1104,1
frame1910,1
frame1910,0
frame1910,0
frame1910,0
frame1910,0
frame1910,0
frame21,1
frame21,0
frame1012,1
frame194,1
frame2227,2
frame1483,1
frame1483,0
frame1077,1
frame1077,0
frame1077,0
frame1077,0
frame395,1
frame395,0
frame395,0
frame775,2
frame775,0
frame2205,1
frame2205,0
frame2205,0
frame188,3
frame1048,2
frame1561,1
frame1561,0
frame1561,0
frame757,1
frame757,0
frame2050,1
frame2050,0
frame2050,0
frame2050,0
frame2050,0
frame2050,0
frame1174,1
frame1174,0
frame1442,1
frame1442,0
frame1442,0
frame2047,1
frame1371,1
frame1371,0
frame1980,2
frame330,1
frame1171,1
frame1171,0
frame1000,1
frame1000,0
frame1383,1
frame1776,1
frame1776,0
frame1776,0
frame1776,0
frame1776,0
frame353,3
frame2044,3
frame1168,1
frame1216,1
frame1216,0
frame2287,1
frame1367,2
frame2436,2
frame1659,1
frame1659,0
frame1659,0
frame1659,0
frame311,2
frame219,1
frame219,0
frame219,0
frame219,0
frame398,1
frame639,1
frame349,17
frame349,0
frame2228,1
frame990,1
frame1468,1
frame1468,0
frame649,1
frame2303,3
frame2303,0
frame2303,0
frame2303,0
frame397,2
frame397,0
frame397,0
frame397,0
frame2342,1
frame2342,0
frame2342,0
frame2342,0
frame886,2
frame541,1
frame1907,1
frame1907,0
frame1855,1
frame1855,0
frame1855,0
frame1855,0
frame774,1
frame774,0
frame166,1
frame166,0
frame166,0
frame2365,2
frame363,1
frame363,0
frame363,0
frame363,0
frame363,0
frame363,0
frame363,0
frame363,0
frame363,0
frame363,0
frame2017,1
frame2434,1
frame2434,0
frame2434,0
frame629,1
frame456,1
frame285,1
frame285,0
frame285,0
frame285,0
frame1628,1
frame485,2
frame1487,1
frame1487,0
frame876,1
frame2428,3
frame2428,0
frame2428,0
frame2428,0
frame433,2
frame433,0
frame1925,1
frame1043,2
frame1043,0
frame1043,0
frame1043,0
frame964,1
frame964,0
frame964,0
frame2376,1
frame2376,0
frame2376,0
frame2376,0
frame2376,0
frame2376,0
frame2376,0
frame2376,0
frame2376,0
frame2376,0
frame2376,0
frame2376,0
frame894,1
frame894,0
frame1933,1
frame2088,3
frame2088,0
frame2088,0
frame2088,0
frame2088,0
frame2088,0
frame2088,0
frame434,1
frame434,0
frame1220,1
frame1220,0
frame765,1
frame765,0
frame765,0
frame765,0
frame765,0
frame765,0
frame1137,2
frame1137,0
frame1137,0
frame1881,2
frame1881,0
frame366,2
frame1444,1
frame1985,5
frame1985,0
frame2198,2
frame1935,1
frame2238,2
frame560,1
frame560,0
frame325,26
frame325,0
frame325,0
frame325,0
frame325,0
frame325,0
frame325,0
frame1128,1
frame1149,1
frame305,1
frame305,0
frame305,0
frame305,0
frame2239,1
frame2239,0
frame2243,2
frame409,1
frame759,1
frame759,0
frame1028,1
frame1028,0
frame1028,0
frame1116,1
frame1204,1
frame769,1
frame769,0
frame769,0
frame1226,1
frame1226,0
frame1173,1
frame1120,1
frame1120,0
frame1120,0
frame1120,0
frame954,1
frame1044,2
frame1090,2
frame1090,0
frame1090,0
frame1090,0
frame1090,0
frame1090,0
frame1090,0
frame1090,0
frame2435,1
frame2435,0
frame444,2
frame1179,2
frame1179,0
frame1179,0
frame1179,0
frame2113,1
frame2113,0
frame1284,1
frame1284,0
frame1284,0
frame1284,0
frame1284,0
frame1847,1
frame1847,0
frame443,1
frame334,1
frame2249,1
